<?xml version="1.0" encoding="UTF-8"?>
<!-- Generated by org.testng.reporters.JUnitReportReporter -->
<testsuite skipped="0" hostname="LAPTOP-0JF24479" name="com.Test.PageTest" tests="1" failures="0" timestamp="03 May 2018 21:27:28 GMT" time="6.236" errors="0">
  <testcase name="TestMethod" time="6.236" classname="com.Test.PageTest"/>
</testsuite> <!-- com.Test.PageTest -->
